2021-03-20 12:07:20.889  WARN 10300 --- [HikariPool-1 housekeeper] com.zaxxer.hikari.pool.HikariPool        : HikariPool-1 - Thread starvation or clock leap detected (housekeeper delta=12h28m7s669ms510µs490ns).
2021-03-20 18:19:05.064  WARN 10300 --- [HikariPool-1 housekeeper] com.zaxxer.hikari.pool.HikariPool        : HikariPool-1 - Thread starvation or clock leap detected (housekeeper delta=1h52m9s930ms147µs929ns).
2021-03-20 20:52:06.018  INFO 16704 --- [restartedMain] .e.DevToolsPropertyDefaultsPostProcessor : Devtools property defaults active! Set 'spring.devtools.add-properties' to 'false' to disable
2021-03-20 20:52:06.018  INFO 16704 --- [restartedMain] .e.DevToolsPropertyDefaultsPostProcessor : For additional web related logging consider setting the 'logging.level.web' property to 'DEBUG'
2021-03-20 20:52:07.636  INFO 16704 --- [restartedMain] .s.d.r.c.RepositoryConfigurationDelegate : Bootstrapping Spring Data JPA repositories in DEFAULT mode.
2021-03-20 20:52:07.782  INFO 16704 --- [restartedMain] .s.d.r.c.RepositoryConfigurationDelegate : Finished Spring Data repository scanning in 126 ms. Found 10 JPA repository interfaces.
2021-03-20 20:52:08.832  INFO 16704 --- [restartedMain] o.s.b.w.embedded.tomcat.TomcatWebServer  : Tomcat initialized with port(s): 8080 (http)
2021-03-20 20:52:08.847  INFO 16704 --- [restartedMain] o.apache.catalina.core.StandardService   : Starting service [Tomcat]
2021-03-20 20:52:08.852  INFO 16704 --- [restartedMain] org.apache.catalina.core.StandardEngine  : Starting Servlet engine: [Apache Tomcat/9.0.41]
2021-03-20 20:52:08.992  INFO 16704 --- [restartedMain] o.a.c.c.C.[Tomcat].[localhost].[/]       : Initializing Spring embedded WebApplicationContext
2021-03-20 20:52:08.992  INFO 16704 --- [restartedMain] w.s.c.ServletWebServerApplicationContext : Root WebApplicationContext: initialization completed in 2969 ms
2021-03-20 20:52:09.262  INFO 16704 --- [restartedMain] o.hibernate.jpa.internal.util.LogHelper  : HHH000204: Processing PersistenceUnitInfo [name: default]
2021-03-20 20:52:09.342  INFO 16704 --- [restartedMain] org.hibernate.Version                    : HHH000412: Hibernate ORM core version 5.4.27.Final
2021-03-20 20:52:09.557  INFO 16704 --- [restartedMain] o.hibernate.annotations.common.Version   : HCANN000001: Hibernate Commons Annotations {5.1.2.Final}
2021-03-20 20:52:09.738  INFO 16704 --- [restartedMain] com.zaxxer.hikari.HikariDataSource       : HikariPool-1 - Starting...
2021-03-20 20:52:10.018  INFO 16704 --- [restartedMain] com.zaxxer.hikari.HikariDataSource       : HikariPool-1 - Start completed.
2021-03-20 20:52:10.048  INFO 16704 --- [restartedMain] org.hibernate.dialect.Dialect            : HHH000400: Using dialect: org.hibernate.dialect.PostgreSQL10Dialect
2021-03-20 20:52:11.673 DEBUG 16704 --- [restartedMain] org.hibernate.SQL                        : create table roles (id int8 not null, name varchar(255), primary key (id))
2021-03-20 20:52:11.703 DEBUG 16704 --- [restartedMain] org.hibernate.SQL                        : alter table if exists users add column password varchar(255)
2021-03-20 20:52:11.713 DEBUG 16704 --- [restartedMain] org.hibernate.SQL                        : create table users_roles (user_id int8 not null, roles_id int8 not null, primary key (user_id, roles_id))
2021-03-20 20:52:12.053 DEBUG 16704 --- [restartedMain] org.hibernate.SQL                        : alter table if exists users_roles add constraint FKa62j07k5mhgifpp955h37ponj foreign key (roles_id) references roles
2021-03-20 20:52:12.053 DEBUG 16704 --- [restartedMain] org.hibernate.SQL                        : alter table if exists users_roles add constraint FK2o0jvgh89lemvvo17cbqvdxaa foreign key (user_id) references users
2021-03-20 20:52:12.073  INFO 16704 --- [restartedMain] o.h.e.t.j.p.i.JtaPlatformInitiator       : HHH000490: Using JtaPlatform implementation: [org.hibernate.engine.transaction.jta.platform.internal.NoJtaPlatform]
2021-03-20 20:52:12.083  INFO 16704 --- [restartedMain] j.LocalContainerEntityManagerFactoryBean : Initialized JPA EntityManagerFactory for persistence unit 'default'
2021-03-20 20:52:12.109  INFO 16704 --- [restartedMain] o.s.b.d.a.OptionalLiveReloadServer       : LiveReload server is running on port 35729
2021-03-20 20:52:12.179  WARN 16704 --- [restartedMain] JpaBaseConfiguration$JpaWebConfiguration : spring.jpa.open-in-view is enabled by default. Therefore, database queries may be performed during view rendering. Explicitly configure spring.jpa.open-in-view to disable this warning
2021-03-20 20:52:13.379  WARN 16704 --- [restartedMain] ConfigServletWebServerApplicationContext : Exception encountered during context initialization - cancelling refresh attempt: org.springframework.beans.factory.UnsatisfiedDependencyException: Error creating bean with name 'userService' defined in file [C:\Users\User\IdeaProjects\ToolsManader\target\classes\com\toolsapp\service\user\UserService.class]: Unsatisfied dependency expressed through constructor parameter 2; nested exception is org.springframework.beans.factory.NoSuchBeanDefinitionException: No qualifying bean of type 'org.springframework.security.crypto.bcrypt.BCryptPasswordEncoder' available: expected at least 1 bean which qualifies as autowire candidate. Dependency annotations: {}
2021-03-20 20:52:13.384  INFO 16704 --- [restartedMain] j.LocalContainerEntityManagerFactoryBean : Closing JPA EntityManagerFactory for persistence unit 'default'
2021-03-20 20:52:13.389  INFO 16704 --- [restartedMain] com.zaxxer.hikari.HikariDataSource       : HikariPool-1 - Shutdown initiated...
2021-03-20 20:52:13.404  INFO 16704 --- [restartedMain] com.zaxxer.hikari.HikariDataSource       : HikariPool-1 - Shutdown completed.
2021-03-20 20:52:13.404  INFO 16704 --- [restartedMain] o.apache.catalina.core.StandardService   : Stopping service [Tomcat]
2021-03-20 20:52:13.424  INFO 16704 --- [restartedMain] ConditionEvaluationReportLoggingListener : 

Error starting ApplicationContext. To display the conditions report re-run your application with 'debug' enabled.
2021-03-20 20:52:13.465 ERROR 16704 --- [restartedMain] o.s.b.d.LoggingFailureAnalysisReporter   : 

***************************
APPLICATION FAILED TO START
***************************

Description:

Parameter 2 of constructor in com.toolsapp.service.user.UserService required a bean of type 'org.springframework.security.crypto.bcrypt.BCryptPasswordEncoder' that could not be found.


Action:

Consider defining a bean of type 'org.springframework.security.crypto.bcrypt.BCryptPasswordEncoder' in your configuration.

